mode: set
github.com/krave-n/go/handling/anonymousHandler.go:5.85,7.2 1 1
github.com/krave-n/go/handling/gracefulListener.go:16.62,17.47 1 0
github.com/krave-n/go/handling/gracefulListener.go:17.47,19.3 1 0
github.com/krave-n/go/handling/gracefulListener.go:19.4,25.3 2 0
github.com/krave-n/go/handling/gracefulListener.go:28.56,30.6 1 0
github.com/krave-n/go/handling/gracefulListener.go:30.6,37.10 3 0
github.com/krave-n/go/handling/gracefulListener.go:44.3,44.17 1 0
github.com/krave-n/go/handling/gracefulListener.go:54.3,54.22 1 0
github.com/krave-n/go/handling/gracefulListener.go:38.3,39.28 1 0
github.com/krave-n/go/handling/gracefulListener.go:40.3,40.11 0 0
github.com/krave-n/go/handling/gracefulListener.go:44.17,49.52 2 0
github.com/krave-n/go/handling/gracefulListener.go:49.52,50.13 1 0
github.com/krave-n/go/handling/gracefulListener.go:58.36,60.2 1 0
github.com/krave-n/go/handling/rootHandler.go:40.36,48.2 1 1
github.com/krave-n/go/handling/rootHandler.go:55.147,64.20 7 1
github.com/krave-n/go/handling/rootHandler.go:68.2,74.26 2 1
github.com/krave-n/go/handling/rootHandler.go:64.20,66.3 1 0
github.com/krave-n/go/handling/rootHandler.go:77.42,80.2 2 1
github.com/krave-n/go/handling/rootHandler.go:82.63,85.30 2 1
github.com/krave-n/go/handling/rootHandler.go:85.30,90.37 4 0
github.com/krave-n/go/handling/rootHandler.go:93.3,94.20 2 0
github.com/krave-n/go/handling/rootHandler.go:90.37,92.4 1 0
github.com/krave-n/go/handling/rootHandler.go:95.4,97.3 1 1
github.com/krave-n/go/handling/rootHandler.go:100.186,101.54 1 1
github.com/krave-n/go/handling/rootHandler.go:101.54,113.39 8 1
github.com/krave-n/go/handling/rootHandler.go:119.3,119.64 1 1
github.com/krave-n/go/handling/rootHandler.go:113.39,117.4 3 1
github.com/krave-n/go/handling/rootHandler.go:119.64,121.4 1 1
github.com/krave-n/go/handling/rootHandler.go:121.5,121.58 1 1
github.com/krave-n/go/handling/rootHandler.go:121.58,131.4 1 0
github.com/krave-n/go/handling/rootHandler.go:135.102,136.48 1 1
github.com/krave-n/go/handling/rootHandler.go:136.48,141.26 4 1
github.com/krave-n/go/handling/rootHandler.go:179.3,181.89 3 1
github.com/krave-n/go/handling/rootHandler.go:141.26,142.47 1 1
github.com/krave-n/go/handling/rootHandler.go:142.47,144.5 1 0
github.com/krave-n/go/handling/rootHandler.go:144.6,146.5 1 1
github.com/krave-n/go/handling/rootHandler.go:147.5,147.34 1 1
github.com/krave-n/go/handling/rootHandler.go:147.34,148.48 1 1
github.com/krave-n/go/handling/rootHandler.go:148.48,150.5 1 0
github.com/krave-n/go/handling/rootHandler.go:150.6,152.5 1 1
github.com/krave-n/go/handling/rootHandler.go:153.5,153.33 1 1
github.com/krave-n/go/handling/rootHandler.go:153.33,154.47 1 1
github.com/krave-n/go/handling/rootHandler.go:154.47,156.5 1 0
github.com/krave-n/go/handling/rootHandler.go:156.6,158.5 1 1
github.com/krave-n/go/handling/rootHandler.go:159.5,159.36 1 1
github.com/krave-n/go/handling/rootHandler.go:159.36,160.50 1 1
github.com/krave-n/go/handling/rootHandler.go:160.50,162.5 1 0
github.com/krave-n/go/handling/rootHandler.go:162.6,164.5 1 1
github.com/krave-n/go/handling/rootHandler.go:165.5,165.34 1 1
github.com/krave-n/go/handling/rootHandler.go:165.34,166.48 1 1
github.com/krave-n/go/handling/rootHandler.go:166.48,168.5 1 0
github.com/krave-n/go/handling/rootHandler.go:168.6,170.5 1 1
github.com/krave-n/go/handling/rootHandler.go:171.5,171.35 1 1
github.com/krave-n/go/handling/rootHandler.go:171.35,172.49 1 1
github.com/krave-n/go/handling/rootHandler.go:172.49,174.5 1 0
github.com/krave-n/go/handling/rootHandler.go:174.6,176.5 1 1
github.com/krave-n/go/handling/rootHandler.go:186.101,187.45 1 1
github.com/krave-n/go/handling/rootHandler.go:187.45,189.3 1 1
