mode: set
github.com/gotgo/gokn/rest/endpointResponse.go:12.53,15.71 2 1
github.com/gotgo/gokn/rest/endpointResponse.go:15.71,17.3 1 1
github.com/gotgo/gokn/rest/endpointResponse.go:17.4,19.3 1 1
github.com/gotgo/gokn/rest/request.go:17.85,24.2 2 1
github.com/gotgo/gokn/rest/request.go:26.65,27.76 1 1
github.com/gotgo/gokn/rest/request.go:34.2,34.12 1 1
github.com/gotgo/gokn/rest/request.go:27.76,28.60 1 1
github.com/gotgo/gokn/rest/request.go:28.60,30.4 1 0
github.com/gotgo/gokn/rest/request.go:30.5,32.4 1 1
github.com/gotgo/gokn/rest/client.go:26.49,28.22 2 0
github.com/gotgo/gokn/rest/client.go:35.2,35.12 1 0
github.com/gotgo/gokn/rest/client.go:28.22,29.26 1 0
github.com/gotgo/gokn/rest/client.go:32.3,33.31 2 0
github.com/gotgo/gokn/rest/client.go:29.26,31.4 1 0
github.com/gotgo/gokn/rest/client.go:39.84,40.38 1 1
github.com/gotgo/gokn/rest/client.go:40.38,42.3 1 0
github.com/gotgo/gokn/rest/client.go:42.4,42.51 1 1
github.com/gotgo/gokn/rest/client.go:42.51,44.3 1 0
github.com/gotgo/gokn/rest/client.go:44.4,47.3 2 1
github.com/gotgo/gokn/rest/client.go:51.66,54.49 2 1
github.com/gotgo/gokn/rest/client.go:54.49,56.3 1 0
github.com/gotgo/gokn/rest/client.go:56.4,56.52 1 1
github.com/gotgo/gokn/rest/client.go:56.52,58.3 1 0
github.com/gotgo/gokn/rest/client.go:58.4,63.3 2 1
github.com/gotgo/gokn/rest/client.go:66.52,71.21 4 1
github.com/gotgo/gokn/rest/client.go:76.2,76.20 1 1
github.com/gotgo/gokn/rest/client.go:71.21,73.3 1 0
github.com/gotgo/gokn/rest/client.go:73.4,73.27 1 1
github.com/gotgo/gokn/rest/client.go:73.27,75.3 1 0
github.com/gotgo/gokn/rest/client.go:79.46,82.2 2 1
github.com/gotgo/gokn/rest/client.go:84.36,85.26 1 1
github.com/gotgo/gokn/rest/client.go:88.2,88.33 1 0
github.com/gotgo/gokn/rest/client.go:85.26,87.3 1 1
github.com/gotgo/gokn/rest/client.go:92.75,95.16 3 1
github.com/gotgo/gokn/rest/client.go:98.2,116.17 4 1
github.com/gotgo/gokn/rest/client.go:95.16,97.3 1 0
github.com/gotgo/gokn/rest/client.go:121.57,123.14 2 1
github.com/gotgo/gokn/rest/client.go:126.2,127.19 2 1
github.com/gotgo/gokn/rest/client.go:123.14,125.3 1 1
github.com/gotgo/gokn/rest/client.go:132.63,134.14 2 1
github.com/gotgo/gokn/rest/client.go:137.2,138.12 2 1
github.com/gotgo/gokn/rest/client.go:134.14,136.3 1 1
github.com/gotgo/gokn/rest/resourceSpecData.go:9.49,11.2 1 0
github.com/gotgo/gokn/rest/resourceSpecData.go:13.57,14.40 1 1
github.com/gotgo/gokn/rest/resourceSpecData.go:14.40,16.3 1 0
github.com/gotgo/gokn/rest/resourceSpecData.go:16.4,18.3 1 1
github.com/gotgo/gokn/rest/resourceSpecData.go:21.49,23.2 1 0
github.com/gotgo/gokn/rest/resourceSpecData.go:25.49,27.2 1 0
github.com/gotgo/gokn/rest/resourceSpecData.go:29.56,30.39 1 1
github.com/gotgo/gokn/rest/resourceSpecData.go:30.39,32.3 1 0
github.com/gotgo/gokn/rest/resourceSpecData.go:32.4,36.3 2 1
github.com/gotgo/gokn/rest/resourceSpecData.go:39.57,40.40 1 0
github.com/gotgo/gokn/rest/resourceSpecData.go:40.40,42.3 1 0
github.com/gotgo/gokn/rest/resourceSpecData.go:42.4,45.3 1 0
github.com/gotgo/gokn/rest/response.go:11.46,13.2 1 0
github.com/gotgo/gokn/rest/response.go:15.58,18.2 2 0
github.com/gotgo/gokn/rest/response.go:20.49,22.2 1 0
github.com/gotgo/gokn/rest/response.go:24.76,26.2 1 0
github.com/gotgo/gokn/rest/serverEndpoint.go:10.46,12.2 1 0
github.com/gotgo/gokn/rest/serverEndpoint.go:14.46,16.2 1 0
github.com/gotgo/gokn/rest/serverEndpoint.go:18.46,20.2 1 0
github.com/gotgo/gokn/rest/serverEndpoint.go:22.54,23.26 1 0
github.com/gotgo/gokn/rest/serverEndpoint.go:23.26,25.3 1 0
github.com/gotgo/gokn/rest/serverEndpoint.go:25.4,27.3 1 0
github.com/gotgo/gokn/rest/serverEndpoint.go:30.55,31.26 1 0
github.com/gotgo/gokn/rest/serverEndpoint.go:31.26,33.3 1 0
github.com/gotgo/gokn/rest/serverEndpoint.go:33.4,35.3 1 0
github.com/gotgo/gokn/rest/resourceDef.go:26.54,31.28 4 0
github.com/gotgo/gokn/rest/resourceDef.go:34.2,36.22 3 0
github.com/gotgo/gokn/rest/resourceDef.go:31.28,33.3 1 0
github.com/gotgo/gokn/rest/resourceDef.go:39.34,40.32 1 0
github.com/gotgo/gokn/rest/resourceDef.go:40.32,44.3 3 0
github.com/gotgo/gokn/rest/resourceDef.go:47.34,51.2 3 0
github.com/gotgo/gokn/rest/resourceDef.go:53.61,61.2 3 0
github.com/gotgo/gokn/rest/resourceDef.go:63.80,72.2 3 0
github.com/gotgo/gokn/rest/requestContext.go:14.42,18.2 3 0
github.com/gotgo/gokn/rest/requestContext.go:20.43,22.2 1 0
github.com/gotgo/gokn/rest/requestContext.go:24.72,26.2 1 0
github.com/gotgo/gokn/rest/requestContext.go:28.85,31.2 2 0
github.com/gotgo/gokn/rest/requestContext.go:33.56,35.2 1 0
github.com/gotgo/gokn/rest/rest.go:3.69,5.38 2 0
github.com/gotgo/gokn/rest/rest.go:8.2,8.11 1 0
github.com/gotgo/gokn/rest/rest.go:5.38,7.3 1 0
github.com/gotgo/gokn/rest/clientRequest.go:13.81,14.23 1 0
github.com/gotgo/gokn/rest/clientRequest.go:17.2,17.28 1 0
github.com/gotgo/gokn/rest/clientRequest.go:20.2,20.11 1 0
github.com/gotgo/gokn/rest/clientRequest.go:14.23,16.3 1 0
github.com/gotgo/gokn/rest/clientRequest.go:17.28,19.3 1 0
